[25-Mar-2025 20:41:56 Europe/Berlin] Session data at start of student_dashboard.php: Array
(
    [csrf_token] => 1398653cfbc4dfe4391d2adf74b2c3c4812ef802d277d74c8a2ee0cbf519370c
    [user_id] => 1
    [username] => student1
    [user_type] => student
)

[25-Mar-2025 20:41:57 Europe/Berlin] Session data at start of student_dashboard.php: Array
(
    [csrf_token] => 1398653cfbc4dfe4391d2adf74b2c3c4812ef802d277d74c8a2ee0cbf519370c
    [user_id] => 1
    [username] => student1
    [user_type] => student
)

[25-Mar-2025 20:41:59 Europe/Berlin] Session data at start of student_dashboard.php: Array
(
    [csrf_token] => 1398653cfbc4dfe4391d2adf74b2c3c4812ef802d277d74c8a2ee0cbf519370c
    [user_id] => 1
    [username] => student1
    [user_type] => student
)

[25-Mar-2025 20:42:58 Europe/Berlin] Session data at start of student_dashboard.php: Array
(
    [csrf_token] => 1398653cfbc4dfe4391d2adf74b2c3c4812ef802d277d74c8a2ee0cbf519370c
    [user_id] => 1
    [username] => student1
    [user_type] => student
)

[25-Mar-2025 20:43:00 Europe/Berlin] Session data at start of student_dashboard.php: Array
(
    [csrf_token] => 1398653cfbc4dfe4391d2adf74b2c3c4812ef802d277d74c8a2ee0cbf519370c
    [user_id] => 1
    [username] => student1
    [user_type] => student
)

[25-Mar-2025 20:43:06 Europe/Berlin] Session data at start of student_dashboard.php: Array
(
    [csrf_token] => 1398653cfbc4dfe4391d2adf74b2c3c4812ef802d277d74c8a2ee0cbf519370c
    [user_id] => 1
    [username] => student1
    [user_type] => student
)

[25-Mar-2025 20:43:08 Europe/Berlin] Session data at start of student_dashboard.php: Array
(
    [csrf_token] => 1398653cfbc4dfe4391d2adf74b2c3c4812ef802d277d74c8a2ee0cbf519370c
    [user_id] => 1
    [username] => student1
    [user_type] => student
)

[25-Mar-2025 20:43:10 Europe/Berlin] Session data at start of student_dashboard.php: Array
(
    [csrf_token] => 1398653cfbc4dfe4391d2adf74b2c3c4812ef802d277d74c8a2ee0cbf519370c
    [user_id] => 1
    [username] => student1
    [user_type] => student
)

[25-Mar-2025 20:43:12 Europe/Berlin] Session data at start of student_dashboard.php: Array
(
    [csrf_token] => 1398653cfbc4dfe4391d2adf74b2c3c4812ef802d277d74c8a2ee0cbf519370c
    [user_id] => 1
    [username] => student1
    [user_type] => student
)

[25-Mar-2025 20:43:47 Europe/Berlin] Session data at start of student_dashboard.php: Array
(
    [user_id] => 2
    [username] => faculty1
    [user_type] => student
)

[25-Mar-2025 20:43:49 Europe/Berlin] Session data at start of student_dashboard.php: Array
(
    [user_id] => 2
    [username] => faculty1
    [user_type] => student
)

[25-Mar-2025 20:45:34 Europe/Berlin] Session data at start of student_dashboard.php: Array
(
    [user_id] => 2
    [username] => faculty1
    [user_type] => student
)

[25-Mar-2025 20:45:38 Europe/Berlin] Session data at start of student_dashboard.php: Array
(
    [user_id] => 2
    [username] => faculty1
    [user_type] => student
)

[25-Mar-2025 20:45:41 Europe/Berlin] Session data at start of student_dashboard.php: Array
(
    [user_id] => 2
    [username] => faculty1
    [user_type] => student
)

[25-Mar-2025 20:45:42 Europe/Berlin] Session data at start of student_dashboard.php: Array
(
    [user_id] => 2
    [username] => faculty1
    [user_type] => student
)

[25-Mar-2025 20:45:45 Europe/Berlin] Session data at start of student_dashboard.php: Array
(
    [user_id] => 2
    [username] => faculty1
    [user_type] => student
)

[25-Mar-2025 20:45:47 Europe/Berlin] Session data at start of student_dashboard.php: Array
(
    [user_id] => 2
    [username] => faculty1
    [user_type] => student
)

[25-Mar-2025 20:45:52 Europe/Berlin] Session data at start of student_dashboard.php: Array
(
    [user_id] => 2
    [username] => faculty1
    [user_type] => student
)

[25-Mar-2025 20:47:59 Europe/Berlin] Session data at start of student_dashboard.php: Array
(
    [user_id] => 2
    [username] => faculty1
    [user_type] => student
)

[25-Mar-2025 20:48:01 Europe/Berlin] Session data at start of student_dashboard.php: Array
(
    [user_id] => 2
    [username] => faculty1
    [user_type] => student
)

[25-Mar-2025 20:49:19 Europe/Berlin] Session data at start of student_dashboard.php: Array
(
    [csrf_token] => 1398653cfbc4dfe4391d2adf74b2c3c4812ef802d277d74c8a2ee0cbf519370c
    [user_id] => 1
    [username] => student1
    [user_type] => student
)

[25-Mar-2025 20:49:44 Europe/Berlin] Session data at start of student_dashboard.php: Array
(
    [csrf_token] => 1398653cfbc4dfe4391d2adf74b2c3c4812ef802d277d74c8a2ee0cbf519370c
    [user_id] => 1
    [username] => student1
    [user_type] => student
)

[25-Mar-2025 20:50:11 Europe/Berlin] Session data at start of studentdashboard.php: Array
(
    [csrf_token] => 1398653cfbc4dfe4391d2adf74b2c3c4812ef802d277d74c8a2ee0cbf519370c
    [user_id] => 1
    [username] => student1
    [user_type] => student
)

[25-Mar-2025 20:50:36 Europe/Berlin] Session data at start of studentdashboard.php: Array
(
    [csrf_token] => 1398653cfbc4dfe4391d2adf74b2c3c4812ef802d277d74c8a2ee0cbf519370c
    [user_id] => 1
    [username] => student1
    [user_type] => student
)

[25-Mar-2025 20:50:40 Europe/Berlin] Session data at start of studentdashboard.php: Array
(
    [user_id] => 1
    [username] => student1
    [user_type] => student
)

[25-Mar-2025 20:50:51 Europe/Berlin] Session data at start of studentdashboard.php: Array
(
    [user_id] => 2
    [username] => faculty1
    [user_type] => student
)

[25-Mar-2025 20:51:09 Europe/Berlin] Session data at start of studentdashboard.php: Array
(
    [user_id] => 2
    [username] => faculty1
    [user_type] => student
)

[25-Mar-2025 20:51:13 Europe/Berlin] Session data at start of studentdashboard.php: Array
(
    [user_id] => 2
    [username] => faculty1
    [user_type] => student
)

[25-Mar-2025 20:53:39 Europe/Berlin] Session data at start of studentdashboard.php: Array
(
    [user_id] => 2
    [username] => faculty1
    [user_type] => student
)

[25-Mar-2025 20:53:52 Europe/Berlin] Session data at start of studentdashboard.php: Array
(
    [user_id] => 2
    [username] => faculty1
    [user_type] => student
)

[25-Mar-2025 20:54:01 Europe/Berlin] Session data at start of studentdashboard.php: Array
(
    [user_id] => 2
    [username] => faculty1
    [user_type] => student
)

[25-Mar-2025 20:54:01 Europe/Berlin] PHP Fatal error:  Uncaught mysqli_sql_exception: Unknown column 'm.id' in 'field list' in C:\xmapp\htdocs\college_portal\studentdashboard.php:75
Stack trace:
#0 C:\xmapp\htdocs\college_portal\studentdashboard.php(75): mysqli->prepare('\r\n        SELEC...')
#1 {main}
  thrown in C:\xmapp\htdocs\college_portal\studentdashboard.php on line 75
[25-Mar-2025 20:54:06 Europe/Berlin] Session data at start of studentdashboard.php: Array
(
    [user_id] => 2
    [username] => faculty1
    [user_type] => student
)

[25-Mar-2025 20:55:42 Europe/Berlin] Session data at start of studentdashboard.php: Array
(
    [user_id] => 2
    [username] => faculty1
    [user_type] => student
)

[25-Mar-2025 20:55:50 Europe/Berlin] Session data at start of studentdashboard.php: Array
(
    [user_id] => 1
    [username] => student1
    [user_type] => student
)

[25-Mar-2025 20:55:54 Europe/Berlin] Session data at start of studentdashboard.php: Array
(
    [user_id] => 1
    [username] => student1
    [user_type] => student
)

[25-Mar-2025 20:55:54 Europe/Berlin] PHP Fatal error:  Uncaught mysqli_sql_exception: Unknown column 'm.id' in 'field list' in C:\xmapp\htdocs\college_portal\studentdashboard.php:75
Stack trace:
#0 C:\xmapp\htdocs\college_portal\studentdashboard.php(75): mysqli->prepare('\r\n        SELEC...')
#1 {main}
  thrown in C:\xmapp\htdocs\college_portal\studentdashboard.php on line 75
[25-Mar-2025 20:55:57 Europe/Berlin] Session data at start of studentdashboard.php: Array
(
    [user_id] => 1
    [username] => student1
    [user_type] => student
)

